{"/home/clawdbot/clawd/development/lumentui/lumentui/src/app.controller.ts": {"path":"/home/clawdbot/clawd/development/lumentui/lumentui/src/app.controller.ts","statementMap":{"0":{"start":{"line":1,"column":0},"end":{"line":1,"column":49}},"1":{"start":{"line":2,"column":0},"end":{"line":2,"column":43}},"2":{"start":{"line":5,"column":7},"end":{"line":12,"column":null}},"3":{"start":{"line":6,"column":31},"end":{"line":6,"column":43}},"4":{"start":{"line":10,"column":4},"end":{"line":10,"column":38}},"5":{"start":{"line":5,"column":13},"end":{"line":5,"column":26}},"6":{"start":{"line":9,"column":2},"end":{"line":11,"column":null}},"7":{"start":{"line":5,"column":13},"end":{"line":12,"column":null}}},"fnMap":{"0":{"name":"(anonymous_2)","decl":{"start":{"line":6,"column":2},"end":{"line":6,"column":31}},"loc":{"start":{"line":6,"column":53},"end":{"line":6,"column":57}}},"1":{"name":"(anonymous_3)","decl":{"start":{"line":9,"column":2},"end":{"line":9,"column":10}},"loc":{"start":{"line":9,"column":10},"end":{"line":11,"column":3}}}},"branchMap":{"0":{"loc":{"start":{"line":6,"column":43},"end":{"line":6,"column":56}},"type":"cond-expr","locations":[{"start":{"line":6,"column":53},"end":{"line":6,"column":56}},{"start":{"line":6,"column":53},"end":{"line":6,"column":56}}]},"1":{"loc":{"start":{"line":6,"column":43},"end":{"line":6,"column":53}},"type":"binary-expr","locations":[{"start":{"line":6,"column":43},"end":{"line":6,"column":56}},{"start":{"line":6,"column":43},"end":{"line":6,"column":53}}]}},"s":{"0":0,"1":0,"2":0,"3":0,"4":0,"5":0,"6":0,"7":0},"f":{"0":0,"1":0},"b":{"0":[0,0],"1":[0,0]}}
,"/home/clawdbot/clawd/development/lumentui/lumentui/src/app.module.ts": {"path":"/home/clawdbot/clawd/development/lumentui/lumentui/src/app.module.ts","statementMap":{"0":{"start":{"line":1,"column":0},"end":{"line":1,"column":40}},"1":{"start":{"line":2,"column":0},"end":{"line":2,"column":46}},"2":{"start":{"line":3,"column":0},"end":{"line":3,"column":49}},"3":{"start":{"line":4,"column":0},"end":{"line":4,"column":43}},"4":{"start":{"line":5,"column":0},"end":{"line":5,"column":61}},"5":{"start":{"line":6,"column":0},"end":{"line":6,"column":56}},"6":{"start":{"line":7,"column":0},"end":{"line":7,"column":53}},"7":{"start":{"line":8,"column":0},"end":{"line":8,"column":65}},"8":{"start":{"line":9,"column":0},"end":{"line":9,"column":80}},"9":{"start":{"line":10,"column":0},"end":{"line":10,"column":71}},"10":{"start":{"line":28,"column":7},"end":{"line":28,"column":null}},"11":{"start":{"line":28,"column":13},"end":{"line":28,"column":22}},"12":{"start":{"line":28,"column":13},"end":{"line":28,"column":null}}},"fnMap":{},"branchMap":{},"s":{"0":0,"1":0,"2":0,"3":0,"4":0,"5":0,"6":0,"7":0,"8":0,"9":0,"10":0,"11":0,"12":0},"f":{},"b":{}}
,"/home/clawdbot/clawd/development/lumentui/lumentui/src/app.service.ts": {"path":"/home/clawdbot/clawd/development/lumentui/lumentui/src/app.service.ts","statementMap":{"0":{"start":{"line":1,"column":0},"end":{"line":1,"column":44}},"1":{"start":{"line":4,"column":7},"end":{"line":8,"column":null}},"2":{"start":{"line":6,"column":4},"end":{"line":6,"column":26}},"3":{"start":{"line":4,"column":13},"end":{"line":4,"column":23}},"4":{"start":{"line":4,"column":13},"end":{"line":8,"column":null}}},"fnMap":{"0":{"name":"(anonymous_1)","decl":{"start":{"line":5,"column":2},"end":{"line":5,"column":10}},"loc":{"start":{"line":5,"column":10},"end":{"line":7,"column":3}}}},"branchMap":{},"s":{"0":0,"1":0,"2":0,"3":0,"4":0},"f":{"0":0},"b":{}}
,"/home/clawdbot/clawd/development/lumentui/lumentui/src/cli.ts": {"path":"/home/clawdbot/clawd/development/lumentui/lumentui/src/cli.ts","statementMap":{"0":{"start":{"line":3,"column":0},"end":{"line":3,"column":36}},"1":{"start":{"line":4,"column":0},"end":{"line":4,"column":43}},"2":{"start":{"line":5,"column":0},"end":{"line":5,"column":58}},"3":{"start":{"line":6,"column":0},"end":{"line":6,"column":41}},"4":{"start":{"line":8,"column":16},"end":{"line":8,"column":29}},"5":{"start":{"line":10,"column":0},"end":{"line":13,"column":20}},"6":{"start":{"line":15,"column":0},"end":{"line":62,"column":5}},"7":{"start":{"line":20,"column":4},"end":{"line":61,"column":5}},"8":{"start":{"line":22,"column":18},"end":{"line":24,"column":8}},"9":{"start":{"line":26,"column":26},"end":{"line":26,"column":46}},"10":{"start":{"line":28,"column":6},"end":{"line":55,"column":7}},"11":{"start":{"line":30,"column":24},"end":{"line":30,"column":59}},"12":{"start":{"line":32,"column":8},"end":{"line":38,"column":9}},"13":{"start":{"line":33,"column":10},"end":{"line":33,"column":44}},"14":{"start":{"line":34,"column":10},"end":{"line":34,"column":26}},"15":{"start":{"line":36,"column":10},"end":{"line":36,"column":64}},"16":{"start":{"line":37,"column":10},"end":{"line":37,"column":26}},"17":{"start":{"line":41,"column":8},"end":{"line":41,"column":60}},"18":{"start":{"line":42,"column":8},"end":{"line":44,"column":10}},"19":{"start":{"line":46,"column":24},"end":{"line":47,"column":null}},"20":{"start":{"line":51,"column":8},"end":{"line":51,"column":47}},"21":{"start":{"line":53,"column":8},"end":{"line":53,"column":52}},"22":{"start":{"line":54,"column":8},"end":{"line":54,"column":55}},"23":{"start":{"line":57,"column":6},"end":{"line":57,"column":24}},"24":{"start":{"line":59,"column":6},"end":{"line":59,"column":63}},"25":{"start":{"line":60,"column":6},"end":{"line":60,"column":22}},"26":{"start":{"line":64,"column":0},"end":{"line":69,"column":5}},"27":{"start":{"line":68,"column":4},"end":{"line":68,"column":47}},"28":{"start":{"line":71,"column":0},"end":{"line":76,"column":5}},"29":{"start":{"line":75,"column":4},"end":{"line":75,"column":47}},"30":{"start":{"line":78,"column":0},"end":{"line":83,"column":5}},"31":{"start":{"line":82,"column":4},"end":{"line":82,"column":47}},"32":{"start":{"line":85,"column":0},"end":{"line":90,"column":5}},"33":{"start":{"line":89,"column":4},"end":{"line":89,"column":47}},"34":{"start":{"line":92,"column":0},"end":{"line":92,"column":16}}},"fnMap":{"0":{"name":"(anonymous_0)","decl":{"start":{"line":19,"column":10},"end":{"line":19,"column":15}},"loc":{"start":{"line":19,"column":28},"end":{"line":62,"column":3}}},"1":{"name":"(anonymous_1)","decl":{"start":{"line":67,"column":10},"end":{"line":67,"column":13}},"loc":{"start":{"line":67,"column":15},"end":{"line":69,"column":3}}},"2":{"name":"(anonymous_2)","decl":{"start":{"line":74,"column":10},"end":{"line":74,"column":13}},"loc":{"start":{"line":74,"column":15},"end":{"line":76,"column":3}}},"3":{"name":"(anonymous_3)","decl":{"start":{"line":81,"column":10},"end":{"line":81,"column":13}},"loc":{"start":{"line":81,"column":15},"end":{"line":83,"column":3}}},"4":{"name":"(anonymous_4)","decl":{"start":{"line":88,"column":10},"end":{"line":88,"column":13}},"loc":{"start":{"line":88,"column":15},"end":{"line":90,"column":3}}}},"branchMap":{"0":{"loc":{"start":{"line":28,"column":6},"end":{"line":55,"column":7}},"type":"if","locations":[{"start":{"line":28,"column":6},"end":{"line":55,"column":7}},{"start":{"line":39,"column":13},"end":{"line":55,"column":7}}]},"1":{"loc":{"start":{"line":32,"column":8},"end":{"line":38,"column":9}},"type":"if","locations":[{"start":{"line":32,"column":8},"end":{"line":38,"column":9}},{"start":{"line":35,"column":15},"end":{"line":38,"column":9}}]}},"s":{"0":0,"1":0,"2":0,"3":0,"4":0,"5":0,"6":0,"7":0,"8":0,"9":0,"10":0,"11":0,"12":0,"13":0,"14":0,"15":0,"16":0,"17":0,"18":0,"19":0,"20":0,"21":0,"22":0,"23":0,"24":0,"25":0,"26":0,"27":0,"28":0,"29":0,"30":0,"31":0,"32":0,"33":0,"34":0},"f":{"0":0,"1":0,"2":0,"3":0,"4":0},"b":{"0":[0,0],"1":[0,0]}}
,"/home/clawdbot/clawd/development/lumentui/lumentui/src/main.ts": {"path":"/home/clawdbot/clawd/development/lumentui/lumentui/src/main.ts","statementMap":{"0":{"start":{"line":1,"column":0},"end":{"line":1,"column":43}},"1":{"start":{"line":2,"column":0},"end":{"line":2,"column":41}},"2":{"start":{"line":3,"column":0},"end":{"line":3,"column":63}},"3":{"start":{"line":6,"column":14},"end":{"line":8,"column":4}},"4":{"start":{"line":11,"column":17},"end":{"line":11,"column":39}},"5":{"start":{"line":12,"column":2},"end":{"line":12,"column":24}},"6":{"start":{"line":14,"column":15},"end":{"line":14,"column":39}},"7":{"start":{"line":15,"column":2},"end":{"line":15,"column":25}},"8":{"start":{"line":17,"column":2},"end":{"line":20,"column":4}},"9":{"start":{"line":22,"column":0},"end":{"line":22,"column":12}}},"fnMap":{"0":{"name":"bootstrap","decl":{"start":{"line":5,"column":15},"end":{"line":5,"column":24}},"loc":{"start":{"line":5,"column":24},"end":{"line":21,"column":1}}}},"branchMap":{"0":{"loc":{"start":{"line":14,"column":15},"end":{"line":14,"column":39}},"type":"binary-expr","locations":[{"start":{"line":14,"column":15},"end":{"line":14,"column":31}},{"start":{"line":14,"column":35},"end":{"line":14,"column":39}}]}},"s":{"0":0,"1":0,"2":0,"3":0,"4":0,"5":0,"6":0,"7":0,"8":0,"9":0},"f":{"0":0},"b":{"0":[0,0]}}
,"/home/clawdbot/clawd/development/lumentui/lumentui/src/common/logger/logger.module.ts": {"path":"/home/clawdbot/clawd/development/lumentui/lumentui/src/common/logger/logger.module.ts","statementMap":{"0":{"start":{"line":1,"column":0},"end":{"line":1,"column":48}},"1":{"start":{"line":2,"column":0},"end":{"line":2,"column":49}},"2":{"start":{"line":3,"column":0},"end":{"line":3,"column":46}},"3":{"start":{"line":11,"column":7},"end":{"line":11,"column":null}},"4":{"start":{"line":11,"column":13},"end":{"line":11,"column":25}},"5":{"start":{"line":11,"column":13},"end":{"line":11,"column":null}}},"fnMap":{},"branchMap":{},"s":{"0":0,"1":0,"2":0,"3":0,"4":0,"5":0},"f":{},"b":{}}
,"/home/clawdbot/clawd/development/lumentui/lumentui/src/common/logger/logger.service.ts": {"path":"/home/clawdbot/clawd/development/lumentui/lumentui/src/common/logger/logger.service.ts","statementMap":{"0":{"start":{"line":1,"column":0},"end":{"line":1,"column":80}},"1":{"start":{"line":2,"column":0},"end":{"line":2,"column":35}},"2":{"start":{"line":3,"column":0},"end":{"line":3,"column":47}},"3":{"start":{"line":6,"column":7},"end":{"line":71,"column":null}},"4":{"start":{"line":9,"column":22},"end":{"line":9,"column":37}},"5":{"start":{"line":10,"column":21},"end":{"line":10,"column":72}},"6":{"start":{"line":11,"column":20},"end":{"line":13,"column":null}},"7":{"start":{"line":16,"column":4},"end":{"line":49,"column":7}},"8":{"start":{"line":31,"column":28},"end":{"line":31,"column":57}},"9":{"start":{"line":32,"column":32},"end":{"line":34,"column":22}},"10":{"start":{"line":35,"column":16},"end":{"line":35,"column":76}},"11":{"start":{"line":53,"column":4},"end":{"line":53,"column":43}},"12":{"start":{"line":57,"column":4},"end":{"line":57,"column":51}},"13":{"start":{"line":61,"column":4},"end":{"line":61,"column":43}},"14":{"start":{"line":65,"column":4},"end":{"line":65,"column":44}},"15":{"start":{"line":69,"column":4},"end":{"line":69,"column":46}},"16":{"start":{"line":6,"column":13},"end":{"line":6,"column":26}},"17":{"start":{"line":6,"column":13},"end":{"line":71,"column":null}}},"fnMap":{"0":{"name":"(anonymous_11)","decl":{"start":{"line":9,"column":2},"end":{"line":9,"column":22}},"loc":{"start":{"line":9,"column":50},"end":{"line":50,"column":3}}},"1":{"name":"(anonymous_12)","decl":{"start":{"line":30,"column":14},"end":{"line":30,"column":15}},"loc":{"start":{"line":30,"column":66},"end":{"line":36,"column":15}}},"2":{"name":"(anonymous_13)","decl":{"start":{"line":52,"column":2},"end":{"line":52,"column":5}},"loc":{"start":{"line":52,"column":36},"end":{"line":54,"column":3}}},"3":{"name":"(anonymous_14)","decl":{"start":{"line":56,"column":2},"end":{"line":56,"column":7}},"loc":{"start":{"line":56,"column":54},"end":{"line":58,"column":3}}},"4":{"name":"(anonymous_15)","decl":{"start":{"line":60,"column":2},"end":{"line":60,"column":6}},"loc":{"start":{"line":60,"column":37},"end":{"line":62,"column":3}}},"5":{"name":"(anonymous_16)","decl":{"start":{"line":64,"column":2},"end":{"line":64,"column":7}},"loc":{"start":{"line":64,"column":38},"end":{"line":66,"column":3}}},"6":{"name":"(anonymous_17)","decl":{"start":{"line":68,"column":2},"end":{"line":68,"column":9}},"loc":{"start":{"line":68,"column":40},"end":{"line":70,"column":3}}}},"branchMap":{"0":{"loc":{"start":{"line":31,"column":28},"end":{"line":31,"column":57}},"type":"cond-expr","locations":[{"start":{"line":31,"column":38},"end":{"line":31,"column":52}},{"start":{"line":31,"column":55},"end":{"line":31,"column":57}}]},"1":{"loc":{"start":{"line":32,"column":32},"end":{"line":34,"column":22}},"type":"cond-expr","locations":[{"start":{"line":33,"column":20},"end":{"line":33,"column":40}},{"start":{"line":34,"column":20},"end":{"line":34,"column":22}}]},"2":{"loc":{"start":{"line":9,"column":37},"end":{"line":9,"column":null}},"type":"cond-expr","locations":[{"start":{"line":9,"column":50},"end":{"line":9,"column":null}},{"start":{"line":9,"column":50},"end":{"line":9,"column":null}}]},"3":{"loc":{"start":{"line":9,"column":37},"end":{"line":9,"column":50}},"type":"binary-expr","locations":[{"start":{"line":9,"column":37},"end":{"line":9,"column":null}},{"start":{"line":9,"column":37},"end":{"line":9,"column":50}}]}},"s":{"0":1,"1":1,"2":1,"3":1,"4":0,"5":0,"6":0,"7":0,"8":0,"9":0,"10":0,"11":0,"12":0,"13":0,"14":0,"15":0,"16":1,"17":1},"f":{"0":0,"1":0,"2":0,"3":0,"4":0,"5":0,"6":0},"b":{"0":[0,0],"1":[0,0],"2":[1,0],"3":[1,1]}}
,"/home/clawdbot/clawd/development/lumentui/lumentui/src/modules/api/api.module.ts": {"path":"/home/clawdbot/clawd/development/lumentui/lumentui/src/modules/api/api.module.ts","statementMap":{"0":{"start":{"line":1,"column":0},"end":{"line":1,"column":40}},"1":{"start":{"line":2,"column":0},"end":{"line":2,"column":43}},"2":{"start":{"line":3,"column":0},"end":{"line":3,"column":59}},"3":{"start":{"line":4,"column":0},"end":{"line":4,"column":49}},"4":{"start":{"line":14,"column":7},"end":{"line":14,"column":null}},"5":{"start":{"line":14,"column":13},"end":{"line":14,"column":22}},"6":{"start":{"line":14,"column":13},"end":{"line":14,"column":null}}},"fnMap":{},"branchMap":{},"s":{"0":0,"1":0,"2":0,"3":0,"4":0,"5":0,"6":0},"f":{},"b":{}}
,"/home/clawdbot/clawd/development/lumentui/lumentui/src/modules/api/index.ts": {"path":"/home/clawdbot/clawd/development/lumentui/lumentui/src/modules/api/index.ts","statementMap":{"0":{"start":{"line":1,"column":0},"end":{"line":1,"column":29}},"1":{"start":{"line":2,"column":0},"end":{"line":2,"column":42}},"2":{"start":{"line":3,"column":0},"end":{"line":3,"column":47}},"3":{"start":{"line":4,"column":0},"end":{"line":4,"column":47}},"4":{"start":{"line":5,"column":0},"end":{"line":5,"column":34}},"5":{"start":{"line":6,"column":0},"end":{"line":6,"column":40}}},"fnMap":{},"branchMap":{},"s":{"0":0,"1":0,"2":0,"3":0,"4":0,"5":0},"f":{},"b":{}}
,"/home/clawdbot/clawd/development/lumentui/lumentui/src/modules/api/exceptions/shopify.exception.ts": {"path":"/home/clawdbot/clawd/development/lumentui/lumentui/src/modules/api/exceptions/shopify.exception.ts","statementMap":{"0":{"start":{"line":7,"column":4},"end":{"line":7,"column":19}},"1":{"start":{"line":4,"column":20},"end":{"line":4,"column":39}},"2":{"start":{"line":5,"column":20},"end":{"line":5,"column":41}},"3":{"start":{"line":8,"column":4},"end":{"line":8,"column":35}},"4":{"start":{"line":1,"column":0},"end":{"line":1,"column":13}},"5":{"start":{"line":14,"column":4},"end":{"line":14,"column":24}},"6":{"start":{"line":15,"column":4},"end":{"line":15,"column":39}},"7":{"start":{"line":12,"column":0},"end":{"line":12,"column":13}},"8":{"start":{"line":21,"column":4},"end":{"line":21,"column":24}},"9":{"start":{"line":22,"column":4},"end":{"line":22,"column":44}},"10":{"start":{"line":19,"column":0},"end":{"line":19,"column":13}}},"fnMap":{"0":{"name":"(anonymous_0)","decl":{"start":{"line":2,"column":2},"end":{"line":2,"column":null}},"loc":{"start":{"line":5,"column":41},"end":{"line":9,"column":3}}},"1":{"name":"(anonymous_1)","decl":{"start":{"line":13,"column":2},"end":{"line":13,"column":14}},"loc":{"start":{"line":13,"column":29},"end":{"line":16,"column":3}}},"2":{"name":"(anonymous_2)","decl":{"start":{"line":20,"column":2},"end":{"line":20,"column":14}},"loc":{"start":{"line":20,"column":29},"end":{"line":23,"column":3}}}},"branchMap":{},"s":{"0":0,"1":0,"2":0,"3":0,"4":0,"5":0,"6":0,"7":0,"8":0,"9":0,"10":0},"f":{"0":0,"1":0,"2":0},"b":{}}
,"/home/clawdbot/clawd/development/lumentui/lumentui/src/modules/api/shopify/shopify.service.ts": {"path":"/home/clawdbot/clawd/development/lumentui/lumentui/src/modules/api/shopify/shopify.service.ts","statementMap":{"0":{"start":{"line":1,"column":0},"end":{"line":1,"column":58}},"1":{"start":{"line":2,"column":0},"end":{"line":2,"column":44}},"2":{"start":{"line":3,"column":0},"end":{"line":3,"column":54}},"3":{"start":{"line":4,"column":0},"end":{"line":4,"column":70}},"4":{"start":{"line":5,"column":0},"end":{"line":5,"column":38}},"5":{"start":{"line":6,"column":0},"end":{"line":6,"column":37}},"6":{"start":{"line":7,"column":0},"end":{"line":7,"column":null}},"7":{"start":{"line":18,"column":7},"end":{"line":140,"column":null}},"8":{"start":{"line":19,"column":33},"end":{"line":19,"column":61}},"9":{"start":{"line":22,"column":21},"end":{"line":22,"column":34}},"10":{"start":{"line":23,"column":21},"end":{"line":23,"column":34}},"11":{"start":{"line":24,"column":21},"end":{"line":24,"column":29}},"12":{"start":{"line":29,"column":4},"end":{"line":46,"column":7}},"13":{"start":{"line":34,"column":23},"end":{"line":34,"column":45}},"14":{"start":{"line":35,"column":8},"end":{"line":38,"column":10}},"15":{"start":{"line":41,"column":8},"end":{"line":44,"column":10}},"16":{"start":{"line":50,"column":4},"end":{"line":50,"column":72}},"17":{"start":{"line":52,"column":4},"end":{"line":78,"column":5}},"18":{"start":{"line":53,"column":27},"end":{"line":53,"column":63}},"19":{"start":{"line":55,"column":23},"end":{"line":65,"column":null}},"20":{"start":{"line":68,"column":23},"end":{"line":68,"column":51}},"21":{"start":{"line":70,"column":6},"end":{"line":73,"column":8}},"22":{"start":{"line":75,"column":6},"end":{"line":75,"column":22}},"23":{"start":{"line":77,"column":6},"end":{"line":77,"column":37}},"24":{"start":{"line":82,"column":4},"end":{"line":86,"column":6}},"25":{"start":{"line":89,"column":4},"end":{"line":114,"column":5}},"26":{"start":{"line":90,"column":21},"end":{"line":90,"column":42}},"27":{"start":{"line":91,"column":22},"end":{"line":91,"column":67}},"28":{"start":{"line":93,"column":6},"end":{"line":97,"column":7}},"29":{"start":{"line":94,"column":8},"end":{"line":96,"column":10}},"30":{"start":{"line":99,"column":6},"end":{"line":103,"column":7}},"31":{"start":{"line":100,"column":8},"end":{"line":102,"column":10}},"32":{"start":{"line":105,"column":6},"end":{"line":111,"column":7}},"33":{"start":{"line":106,"column":8},"end":{"line":110,"column":10}},"34":{"start":{"line":113,"column":6},"end":{"line":113,"column":78}},"35":{"start":{"line":117,"column":4},"end":{"line":123,"column":5}},"36":{"start":{"line":118,"column":6},"end":{"line":122,"column":8}},"37":{"start":{"line":125,"column":4},"end":{"line":131,"column":5}},"38":{"start":{"line":126,"column":6},"end":{"line":130,"column":8}},"39":{"start":{"line":134,"column":4},"end":{"line":138,"column":6}},"40":{"start":{"line":18,"column":13},"end":{"line":18,"column":27}},"41":{"start":{"line":18,"column":13},"end":{"line":140,"column":null}}},"fnMap":{"0":{"name":"(anonymous_3)","decl":{"start":{"line":21,"column":2},"end":{"line":21,"column":null}},"loc":{"start":{"line":24,"column":42},"end":{"line":25,"column":6}}},"1":{"name":"(anonymous_4)","decl":{"start":{"line":27,"column":2},"end":{"line":27,"column":14}},"loc":{"start":{"line":27,"column":14},"end":{"line":47,"column":3}}},"2":{"name":"(anonymous_5)","decl":{"start":{"line":32,"column":22},"end":{"line":32,"column":23}},"loc":{"start":{"line":32,"column":32},"end":{"line":39,"column":7}}},"3":{"name":"(anonymous_6)","decl":{"start":{"line":40,"column":15},"end":{"line":40,"column":16}},"loc":{"start":{"line":40,"column":37},"end":{"line":45,"column":7}}},"4":{"name":"(anonymous_7)","decl":{"start":{"line":49,"column":2},"end":{"line":49,"column":7}},"loc":{"start":{"line":49,"column":19},"end":{"line":79,"column":3}}},"5":{"name":"(anonymous_8)","decl":{"start":{"line":81,"column":10},"end":{"line":81,"column":21}},"loc":{"start":{"line":81,"column":32},"end":{"line":139,"column":3}}}},"branchMap":{"0":{"loc":{"start":{"line":36,"column":10},"end":{"line":37,"column":65}},"type":"binary-expr","locations":[{"start":{"line":36,"column":10},"end":{"line":36,"column":61}},{"start":{"line":37,"column":11},"end":{"line":37,"column":31}},{"start":{"line":37,"column":35},"end":{"line":37,"column":48}},{"start":{"line":37,"column":52},"end":{"line":37,"column":64}}]},"1":{"loc":{"start":{"line":68,"column":23},"end":{"line":68,"column":51}},"type":"binary-expr","locations":[{"start":{"line":68,"column":23},"end":{"line":68,"column":45}},{"start":{"line":68,"column":49},"end":{"line":68,"column":51}}]},"2":{"loc":{"start":{"line":89,"column":4},"end":{"line":114,"column":5}},"type":"if","locations":[{"start":{"line":89,"column":4},"end":{"line":114,"column":5}},{"start":{},"end":{}}]},"3":{"loc":{"start":{"line":91,"column":22},"end":{"line":91,"column":67}},"type":"binary-expr","locations":[{"start":{"line":91,"column":22},"end":{"line":91,"column":50}},{"start":{"line":91,"column":54},"end":{"line":91,"column":67}}]},"4":{"loc":{"start":{"line":93,"column":6},"end":{"line":97,"column":7}},"type":"if","locations":[{"start":{"line":93,"column":6},"end":{"line":97,"column":7}},{"start":{},"end":{}}]},"5":{"loc":{"start":{"line":93,"column":10},"end":{"line":93,"column":42}},"type":"binary-expr","locations":[{"start":{"line":93,"column":10},"end":{"line":93,"column":24}},{"start":{"line":93,"column":28},"end":{"line":93,"column":42}}]},"6":{"loc":{"start":{"line":99,"column":6},"end":{"line":103,"column":7}},"type":"if","locations":[{"start":{"line":99,"column":6},"end":{"line":103,"column":7}},{"start":{},"end":{}}]},"7":{"loc":{"start":{"line":105,"column":6},"end":{"line":111,"column":7}},"type":"if","locations":[{"start":{"line":105,"column":6},"end":{"line":111,"column":7}},{"start":{},"end":{}}]},"8":{"loc":{"start":{"line":117,"column":4},"end":{"line":123,"column":5}},"type":"if","locations":[{"start":{"line":117,"column":4},"end":{"line":123,"column":5}},{"start":{},"end":{}}]},"9":{"loc":{"start":{"line":125,"column":4},"end":{"line":131,"column":5}},"type":"if","locations":[{"start":{"line":125,"column":4},"end":{"line":131,"column":5}},{"start":{},"end":{}}]},"10":{"loc":{"start":{"line":125,"column":8},"end":{"line":125,"column":67}},"type":"binary-expr","locations":[{"start":{"line":125,"column":8},"end":{"line":125,"column":34}},{"start":{"line":125,"column":38},"end":{"line":125,"column":67}}]},"11":{"loc":{"start":{"line":22,"column":34},"end":{"line":22,"column":null}},"type":"cond-expr","locations":[{"start":{"line":22,"column":45},"end":{"line":22,"column":null}},{"start":{"line":22,"column":45},"end":{"line":22,"column":null}}]},"12":{"loc":{"start":{"line":22,"column":34},"end":{"line":22,"column":45}},"type":"binary-expr","locations":[{"start":{"line":22,"column":34},"end":{"line":22,"column":null}},{"start":{"line":22,"column":34},"end":{"line":22,"column":45}}]},"13":{"loc":{"start":{"line":22,"column":45},"end":{"line":23,"column":null}},"type":"cond-expr","locations":[{"start":{"line":23,"column":45},"end":{"line":23,"column":null}},{"start":{"line":23,"column":45},"end":{"line":23,"column":null}}]},"14":{"loc":{"start":{"line":22,"column":45},"end":{"line":23,"column":45}},"type":"binary-expr","locations":[{"start":{"line":22,"column":45},"end":{"line":23,"column":null}},{"start":{"line":23,"column":34},"end":{"line":23,"column":45}}]},"15":{"loc":{"start":{"line":23,"column":45},"end":{"line":24,"column":null}},"type":"cond-expr","locations":[{"start":{"line":24,"column":42},"end":{"line":24,"column":null}},{"start":{"line":24,"column":42},"end":{"line":24,"column":null}}]},"16":{"loc":{"start":{"line":23,"column":45},"end":{"line":24,"column":42}},"type":"binary-expr","locations":[{"start":{"line":23,"column":45},"end":{"line":24,"column":null}},{"start":{"line":24,"column":29},"end":{"line":24,"column":42}}]}},"s":{"0":0,"1":0,"2":0,"3":0,"4":0,"5":0,"6":0,"7":0,"8":0,"9":0,"10":0,"11":0,"12":0,"13":0,"14":0,"15":0,"16":0,"17":0,"18":0,"19":0,"20":0,"21":0,"22":0,"23":0,"24":0,"25":0,"26":0,"27":0,"28":0,"29":0,"30":0,"31":0,"32":0,"33":0,"34":0,"35":0,"36":0,"37":0,"38":0,"39":0,"40":0,"41":0},"f":{"0":0,"1":0,"2":0,"3":0,"4":0,"5":0},"b":{"0":[0,0,0,0],"1":[0,0],"2":[0,0],"3":[0,0],"4":[0,0],"5":[0,0],"6":[0,0],"7":[0,0],"8":[0,0],"9":[0,0],"10":[0,0],"11":[0,0],"12":[0,0],"13":[0,0],"14":[0,0],"15":[0,0],"16":[0,0]}}
,"/home/clawdbot/clawd/development/lumentui/lumentui/src/modules/api/utils/normalizer.util.ts": {"path":"/home/clawdbot/clawd/development/lumentui/lumentui/src/modules/api/utils/normalizer.util.ts","statementMap":{"0":{"start":{"line":10,"column":21},"end":{"line":11,"column":null}},"1":{"start":{"line":11,"column":37},"end":{"line":11,"column":56}},"2":{"start":{"line":15,"column":22},"end":{"line":15,"column":76}},"3":{"start":{"line":15,"column":51},"end":{"line":15,"column":75}},"4":{"start":{"line":18,"column":24},"end":{"line":20,"column":12}},"5":{"start":{"line":22,"column":4},"end":{"line":45,"column":6}},"6":{"start":{"line":28,"column":45},"end":{"line":35,"column":8}},"7":{"start":{"line":36,"column":43},"end":{"line":42,"column":8}},"8":{"start":{"line":55,"column":4},"end":{"line":55,"column":59}},"9":{"start":{"line":55,"column":31},"end":{"line":55,"column":57}},"10":{"start":{"line":4,"column":0},"end":{"line":4,"column":13}}},"fnMap":{"0":{"name":"(anonymous_0)","decl":{"start":{"line":8,"column":2},"end":{"line":8,"column":8}},"loc":{"start":{"line":8,"column":59},"end":{"line":46,"column":3}}},"1":{"name":"(anonymous_1)","decl":{"start":{"line":11,"column":30},"end":{"line":11,"column":31}},"loc":{"start":{"line":11,"column":37},"end":{"line":11,"column":56}}},"2":{"name":"(anonymous_2)","decl":{"start":{"line":15,"column":44},"end":{"line":15,"column":45}},"loc":{"start":{"line":15,"column":51},"end":{"line":15,"column":75}}},"3":{"name":"(anonymous_3)","decl":{"start":{"line":28,"column":37},"end":{"line":28,"column":38}},"loc":{"start":{"line":28,"column":45},"end":{"line":35,"column":8}}},"4":{"name":"(anonymous_4)","decl":{"start":{"line":36,"column":33},"end":{"line":36,"column":34}},"loc":{"start":{"line":36,"column":43},"end":{"line":42,"column":8}}},"5":{"name":"(anonymous_5)","decl":{"start":{"line":51,"column":2},"end":{"line":51,"column":8}},"loc":{"start":{"line":53,"column":19},"end":{"line":56,"column":3}}},"6":{"name":"(anonymous_6)","decl":{"start":{"line":55,"column":24},"end":{"line":55,"column":25}},"loc":{"start":{"line":55,"column":31},"end":{"line":55,"column":57}}}},"branchMap":{"0":{"loc":{"start":{"line":18,"column":24},"end":{"line":20,"column":12}},"type":"cond-expr","locations":[{"start":{"line":19,"column":8},"end":{"line":19,"column":49}},{"start":{"line":20,"column":8},"end":{"line":20,"column":12}}]}},"s":{"0":0,"1":0,"2":0,"3":0,"4":0,"5":0,"6":0,"7":0,"8":0,"9":0,"10":0},"f":{"0":0,"1":0,"2":0,"3":0,"4":0,"5":0,"6":0},"b":{"0":[0,0]}}
,"/home/clawdbot/clawd/development/lumentui/lumentui/src/modules/auth/auth.module.ts": {"path":"/home/clawdbot/clawd/development/lumentui/lumentui/src/modules/auth/auth.module.ts","statementMap":{"0":{"start":{"line":1,"column":0},"end":{"line":1,"column":40}},"1":{"start":{"line":2,"column":0},"end":{"line":2,"column":45}},"2":{"start":{"line":3,"column":0},"end":{"line":3,"column":64}},"3":{"start":{"line":4,"column":0},"end":{"line":4,"column":65}},"4":{"start":{"line":11,"column":7},"end":{"line":11,"column":null}},"5":{"start":{"line":11,"column":13},"end":{"line":11,"column":23}},"6":{"start":{"line":11,"column":13},"end":{"line":11,"column":null}}},"fnMap":{},"branchMap":{},"s":{"0":0,"1":0,"2":0,"3":0,"4":0,"5":0,"6":0},"f":{},"b":{}}
,"/home/clawdbot/clawd/development/lumentui/lumentui/src/modules/auth/auth.service.ts": {"path":"/home/clawdbot/clawd/development/lumentui/lumentui/src/modules/auth/auth.service.ts","statementMap":{"0":{"start":{"line":1,"column":0},"end":{"line":1,"column":44}},"1":{"start":{"line":2,"column":0},"end":{"line":2,"column":47}},"2":{"start":{"line":3,"column":0},"end":{"line":3,"column":67}},"3":{"start":{"line":4,"column":0},"end":{"line":4,"column":64}},"4":{"start":{"line":5,"column":0},"end":{"line":5,"column":48}},"5":{"start":{"line":7,"column":0},"end":{"line":7,"column":60}},"6":{"start":{"line":10,"column":7},"end":{"line":160,"column":null}},"7":{"start":{"line":12,"column":21},"end":{"line":12,"column":36}},"8":{"start":{"line":13,"column":21},"end":{"line":13,"column":36}},"9":{"start":{"line":14,"column":21},"end":{"line":14,"column":29}},"10":{"start":{"line":18,"column":4},"end":{"line":18,"column":68}},"11":{"start":{"line":20,"column":4},"end":{"line":69,"column":5}},"12":{"start":{"line":22,"column":22},"end":{"line":34,"column":8}},"13":{"start":{"line":23,"column":8},"end":{"line":33,"column":10}},"14":{"start":{"line":27,"column":12},"end":{"line":31,"column":13}},"15":{"start":{"line":28,"column":14},"end":{"line":28,"column":26}},"16":{"start":{"line":30,"column":14},"end":{"line":30,"column":37}},"17":{"start":{"line":37,"column":27},"end":{"line":37,"column":78}},"18":{"start":{"line":37,"column":47},"end":{"line":37,"column":77}},"19":{"start":{"line":39,"column":6},"end":{"line":43,"column":7}},"20":{"start":{"line":40,"column":8},"end":{"line":42,"column":10}},"21":{"start":{"line":45,"column":6},"end":{"line":45,"column":70}},"22":{"start":{"line":46,"column":6},"end":{"line":46,"column":28}},"23":{"start":{"line":48,"column":6},"end":{"line":52,"column":8}},"24":{"start":{"line":55,"column":6},"end":{"line":57,"column":7}},"25":{"start":{"line":56,"column":8},"end":{"line":56,"column":20}},"26":{"start":{"line":59,"column":6},"end":{"line":66,"column":7}},"27":{"start":{"line":63,"column":8},"end":{"line":65,"column":10}},"28":{"start":{"line":68,"column":6},"end":{"line":68,"column":76}},"29":{"start":{"line":73,"column":4},"end":{"line":73,"column":64}},"30":{"start":{"line":75,"column":4},"end":{"line":88,"column":5}},"31":{"start":{"line":77,"column":27},"end":{"line":79,"column":19}},"32":{"start":{"line":78,"column":20},"end":{"line":78,"column":42}},"33":{"start":{"line":82,"column":6},"end":{"line":82,"column":51}},"34":{"start":{"line":84,"column":6},"end":{"line":84,"column":67}},"35":{"start":{"line":86,"column":6},"end":{"line":86,"column":78}},"36":{"start":{"line":87,"column":6},"end":{"line":87,"column":56}},"37":{"start":{"line":92,"column":4},"end":{"line":92,"column":67}},"38":{"start":{"line":94,"column":4},"end":{"line":125,"column":5}},"39":{"start":{"line":96,"column":27},"end":{"line":96,"column":59}},"40":{"start":{"line":98,"column":6},"end":{"line":100,"column":7}},"41":{"start":{"line":99,"column":8},"end":{"line":99,"column":79}},"42":{"start":{"line":103,"column":22},"end":{"line":103,"column":58}},"43":{"start":{"line":104,"column":29},"end":{"line":104,"column":75}},"44":{"start":{"line":104,"column":51},"end":{"line":104,"column":74}},"45":{"start":{"line":106,"column":6},"end":{"line":114,"column":7}},"46":{"start":{"line":107,"column":8},"end":{"line":110,"column":10}},"47":{"start":{"line":111,"column":8},"end":{"line":113,"column":10}},"48":{"start":{"line":116,"column":6},"end":{"line":116,"column":68}},"49":{"start":{"line":117,"column":6},"end":{"line":117,"column":26}},"50":{"start":{"line":119,"column":6},"end":{"line":121,"column":7}},"51":{"start":{"line":120,"column":8},"end":{"line":120,"column":20}},"52":{"start":{"line":123,"column":6},"end":{"line":123,"column":78}},"53":{"start":{"line":124,"column":6},"end":{"line":124,"column":77}},"54":{"start":{"line":131,"column":18},"end":{"line":131,"column":42}},"55":{"start":{"line":132,"column":4},"end":{"line":144,"column":7}},"56":{"start":{"line":133,"column":28},"end":{"line":133,"column":43}},"57":{"start":{"line":137,"column":6},"end":{"line":143,"column":18}},"58":{"start":{"line":148,"column":4},"end":{"line":148,"column":38}},"59":{"start":{"line":148,"column":25},"end":{"line":148,"column":38}},"60":{"start":{"line":149,"column":4},"end":{"line":149,"column":46}},"61":{"start":{"line":153,"column":4},"end":{"line":158,"column":5}},"62":{"start":{"line":154,"column":27},"end":{"line":154,"column":51}},"63":{"start":{"line":155,"column":6},"end":{"line":155,"column":28}},"64":{"start":{"line":157,"column":6},"end":{"line":157,"column":19}},"65":{"start":{"line":10,"column":13},"end":{"line":10,"column":24}},"66":{"start":{"line":10,"column":13},"end":{"line":160,"column":null}}},"fnMap":{"0":{"name":"(anonymous_11)","decl":{"start":{"line":11,"column":2},"end":{"line":11,"column":null}},"loc":{"start":{"line":14,"column":42},"end":{"line":15,"column":6}}},"1":{"name":"(anonymous_12)","decl":{"start":{"line":17,"column":2},"end":{"line":17,"column":7}},"loc":{"start":{"line":17,"column":34},"end":{"line":70,"column":3}}},"2":{"name":"(anonymous_13)","decl":{"start":{"line":22,"column":50},"end":{"line":22,"column":51}},"loc":{"start":{"line":22,"column":70},"end":{"line":34,"column":7}}},"3":{"name":"(anonymous_14)","decl":{"start":{"line":26,"column":10},"end":{"line":26,"column":11}},"loc":{"start":{"line":26,"column":51},"end":{"line":32,"column":11}}},"4":{"name":"(anonymous_15)","decl":{"start":{"line":37,"column":40},"end":{"line":37,"column":41}},"loc":{"start":{"line":37,"column":47},"end":{"line":37,"column":77}}},"5":{"name":"(anonymous_16)","decl":{"start":{"line":72,"column":2},"end":{"line":72,"column":7}},"loc":{"start":{"line":72,"column":37},"end":{"line":89,"column":3}}},"6":{"name":"(anonymous_17)","decl":{"start":{"line":78,"column":13},"end":{"line":78,"column":14}},"loc":{"start":{"line":78,"column":20},"end":{"line":78,"column":42}}},"7":{"name":"(anonymous_18)","decl":{"start":{"line":91,"column":2},"end":{"line":91,"column":7}},"loc":{"start":{"line":91,"column":19},"end":{"line":126,"column":3}}},"8":{"name":"(anonymous_19)","decl":{"start":{"line":104,"column":44},"end":{"line":104,"column":45}},"loc":{"start":{"line":104,"column":51},"end":{"line":104,"column":74}}},"9":{"name":"(anonymous_20)","decl":{"start":{"line":129,"column":10},"end":{"line":129,"column":27}},"loc":{"start":{"line":129,"column":48},"end":{"line":145,"column":3}}},"10":{"name":"(anonymous_21)","decl":{"start":{"line":132,"column":21},"end":{"line":132,"column":22}},"loc":{"start":{"line":132,"column":30},"end":{"line":144,"column":5}}},"11":{"name":"(anonymous_22)","decl":{"start":{"line":147,"column":10},"end":{"line":147,"column":25}},"loc":{"start":{"line":147,"column":40},"end":{"line":150,"column":3}}},"12":{"name":"(anonymous_23)","decl":{"start":{"line":152,"column":2},"end":{"line":152,"column":7}},"loc":{"start":{"line":152,"column":23},"end":{"line":159,"column":3}}}},"branchMap":{"0":{"loc":{"start":{"line":27,"column":12},"end":{"line":31,"column":13}},"type":"if","locations":[{"start":{"line":27,"column":12},"end":{"line":31,"column":13}},{"start":{"line":29,"column":19},"end":{"line":31,"column":13}}]},"1":{"loc":{"start":{"line":30,"column":22},"end":{"line":30,"column":35}},"type":"binary-expr","locations":[{"start":{"line":30,"column":22},"end":{"line":30,"column":29}},{"start":{"line":30,"column":33},"end":{"line":30,"column":35}}]},"2":{"loc":{"start":{"line":39,"column":6},"end":{"line":43,"column":7}},"type":"if","locations":[{"start":{"line":39,"column":6},"end":{"line":43,"column":7}},{"start":{},"end":{}}]},"3":{"loc":{"start":{"line":55,"column":6},"end":{"line":57,"column":7}},"type":"if","locations":[{"start":{"line":55,"column":6},"end":{"line":57,"column":7}},{"start":{},"end":{}}]},"4":{"loc":{"start":{"line":59,"column":6},"end":{"line":66,"column":7}},"type":"if","locations":[{"start":{"line":59,"column":6},"end":{"line":66,"column":7}},{"start":{},"end":{}}]},"5":{"loc":{"start":{"line":60,"column":8},"end":{"line":61,"column":41}},"type":"binary-expr","locations":[{"start":{"line":60,"column":8},"end":{"line":60,"column":43}},{"start":{"line":61,"column":8},"end":{"line":61,"column":41}}]},"6":{"loc":{"start":{"line":98,"column":6},"end":{"line":100,"column":7}},"type":"if","locations":[{"start":{"line":98,"column":6},"end":{"line":100,"column":7}},{"start":{},"end":{}}]},"7":{"loc":{"start":{"line":106,"column":6},"end":{"line":114,"column":7}},"type":"if","locations":[{"start":{"line":106,"column":6},"end":{"line":114,"column":7}},{"start":{},"end":{}}]},"8":{"loc":{"start":{"line":119,"column":6},"end":{"line":121,"column":7}},"type":"if","locations":[{"start":{"line":119,"column":6},"end":{"line":121,"column":7}},{"start":{},"end":{}}]},"9":{"loc":{"start":{"line":148,"column":4},"end":{"line":148,"column":38}},"type":"if","locations":[{"start":{"line":148,"column":4},"end":{"line":148,"column":38}},{"start":{},"end":{}}]},"10":{"loc":{"start":{"line":12,"column":36},"end":{"line":12,"column":null}},"type":"cond-expr","locations":[{"start":{"line":12,"column":56},"end":{"line":12,"column":null}},{"start":{"line":12,"column":56},"end":{"line":12,"column":null}}]},"11":{"loc":{"start":{"line":12,"column":36},"end":{"line":12,"column":56}},"type":"binary-expr","locations":[{"start":{"line":12,"column":36},"end":{"line":12,"column":null}},{"start":{"line":12,"column":36},"end":{"line":12,"column":56}}]},"12":{"loc":{"start":{"line":12,"column":56},"end":{"line":13,"column":null}},"type":"cond-expr","locations":[{"start":{"line":13,"column":49},"end":{"line":13,"column":null}},{"start":{"line":13,"column":49},"end":{"line":13,"column":null}}]},"13":{"loc":{"start":{"line":12,"column":56},"end":{"line":13,"column":49}},"type":"binary-expr","locations":[{"start":{"line":12,"column":56},"end":{"line":13,"column":null}},{"start":{"line":13,"column":36},"end":{"line":13,"column":49}}]},"14":{"loc":{"start":{"line":13,"column":49},"end":{"line":14,"column":null}},"type":"cond-expr","locations":[{"start":{"line":14,"column":42},"end":{"line":14,"column":null}},{"start":{"line":14,"column":42},"end":{"line":14,"column":null}}]},"15":{"loc":{"start":{"line":13,"column":49},"end":{"line":14,"column":42}},"type":"binary-expr","locations":[{"start":{"line":13,"column":49},"end":{"line":14,"column":null}},{"start":{"line":14,"column":29},"end":{"line":14,"column":42}}]}},"s":{"0":0,"1":0,"2":0,"3":0,"4":0,"5":0,"6":0,"7":0,"8":0,"9":0,"10":0,"11":0,"12":0,"13":0,"14":0,"15":0,"16":0,"17":0,"18":0,"19":0,"20":0,"21":0,"22":0,"23":0,"24":0,"25":0,"26":0,"27":0,"28":0,"29":0,"30":0,"31":0,"32":0,"33":0,"34":0,"35":0,"36":0,"37":0,"38":0,"39":0,"40":0,"41":0,"42":0,"43":0,"44":0,"45":0,"46":0,"47":0,"48":0,"49":0,"50":0,"51":0,"52":0,"53":0,"54":0,"55":0,"56":0,"57":0,"58":0,"59":0,"60":0,"61":0,"62":0,"63":0,"64":0,"65":0,"66":0},"f":{"0":0,"1":0,"2":0,"3":0,"4":0,"5":0,"6":0,"7":0,"8":0,"9":0,"10":0,"11":0,"12":0},"b":{"0":[0,0],"1":[0,0],"2":[0,0],"3":[0,0],"4":[0,0],"5":[0,0],"6":[0,0],"7":[0,0],"8":[0,0],"9":[0,0],"10":[0,0],"11":[0,0],"12":[0,0],"13":[0,0],"14":[0,0],"15":[0,0]}}
,"/home/clawdbot/clawd/development/lumentui/lumentui/src/modules/auth/cookie-storage.service.ts": {"path":"/home/clawdbot/clawd/development/lumentui/lumentui/src/modules/auth/cookie-storage.service.ts","statementMap":{"0":{"start":{"line":1,"column":0},"end":{"line":1,"column":44}},"1":{"start":{"line":2,"column":0},"end":{"line":2,"column":47}},"2":{"start":{"line":3,"column":0},"end":{"line":3,"column":71}},"3":{"start":{"line":4,"column":0},"end":{"line":4,"column":72}},"4":{"start":{"line":5,"column":0},"end":{"line":5,"column":29}},"5":{"start":{"line":6,"column":0},"end":{"line":6,"column":28}},"6":{"start":{"line":7,"column":0},"end":{"line":7,"column":48}},"7":{"start":{"line":10,"column":7},"end":{"line":70,"column":null}},"8":{"start":{"line":11,"column":33},"end":{"line":11,"column":61}},"9":{"start":{"line":12,"column":33},"end":{"line":12,"column":70}},"10":{"start":{"line":13,"column":31},"end":{"line":13,"column":44}},"11":{"start":{"line":15,"column":31},"end":{"line":15,"column":46}},"12":{"start":{"line":17,"column":4},"end":{"line":19,"column":5}},"13":{"start":{"line":18,"column":6},"end":{"line":18,"column":55}},"14":{"start":{"line":24,"column":22},"end":{"line":24,"column":37}},"15":{"start":{"line":25,"column":4},"end":{"line":25,"column":63}},"16":{"start":{"line":29,"column":16},"end":{"line":29,"column":39}},"17":{"start":{"line":30,"column":15},"end":{"line":30,"column":30}},"18":{"start":{"line":31,"column":19},"end":{"line":31,"column":58}},"19":{"start":{"line":33,"column":20},"end":{"line":33,"column":62}},"20":{"start":{"line":34,"column":4},"end":{"line":34,"column":37}},"21":{"start":{"line":36,"column":20},"end":{"line":36,"column":39}},"22":{"start":{"line":39,"column":17},"end":{"line":43,"column":6}},"23":{"start":{"line":45,"column":4},"end":{"line":45,"column":75}},"24":{"start":{"line":49,"column":4},"end":{"line":51,"column":5}},"25":{"start":{"line":50,"column":6},"end":{"line":50,"column":18}},"26":{"start":{"line":53,"column":4},"end":{"line":68,"column":5}},"27":{"start":{"line":54,"column":21},"end":{"line":54,"column":71}},"28":{"start":{"line":55,"column":18},"end":{"line":55,"column":41}},"29":{"start":{"line":56,"column":17},"end":{"line":56,"column":46}},"30":{"start":{"line":57,"column":22},"end":{"line":57,"column":56}},"31":{"start":{"line":59,"column":23},"end":{"line":59,"column":64}},"32":{"start":{"line":60,"column":6},"end":{"line":60,"column":35}},"33":{"start":{"line":62,"column":22},"end":{"line":62,"column":65}},"34":{"start":{"line":63,"column":6},"end":{"line":63,"column":42}},"35":{"start":{"line":65,"column":6},"end":{"line":65,"column":23}},"36":{"start":{"line":67,"column":6},"end":{"line":67,"column":18}},"37":{"start":{"line":10,"column":13},"end":{"line":10,"column":33}},"38":{"start":{"line":10,"column":13},"end":{"line":70,"column":null}}},"fnMap":{"0":{"name":"(anonymous_2)","decl":{"start":{"line":15,"column":2},"end":{"line":15,"column":31}},"loc":{"start":{"line":15,"column":59},"end":{"line":20,"column":3}}},"1":{"name":"(anonymous_3)","decl":{"start":{"line":22,"column":10},"end":{"line":22,"column":26}},"loc":{"start":{"line":22,"column":26},"end":{"line":26,"column":3}}},"2":{"name":"(anonymous_4)","decl":{"start":{"line":28,"column":2},"end":{"line":28,"column":13}},"loc":{"start":{"line":28,"column":34},"end":{"line":46,"column":3}}},"3":{"name":"(anonymous_5)","decl":{"start":{"line":48,"column":2},"end":{"line":48,"column":13}},"loc":{"start":{"line":48,"column":13},"end":{"line":69,"column":3}}}},"branchMap":{"0":{"loc":{"start":{"line":17,"column":4},"end":{"line":19,"column":5}},"type":"if","locations":[{"start":{"line":17,"column":4},"end":{"line":19,"column":5}},{"start":{},"end":{}}]},"1":{"loc":{"start":{"line":49,"column":4},"end":{"line":51,"column":5}},"type":"if","locations":[{"start":{"line":49,"column":4},"end":{"line":51,"column":5}},{"start":{},"end":{}}]},"2":{"loc":{"start":{"line":15,"column":46},"end":{"line":15,"column":null}},"type":"cond-expr","locations":[{"start":{"line":15,"column":59},"end":{"line":15,"column":null}},{"start":{"line":15,"column":59},"end":{"line":15,"column":null}}]},"3":{"loc":{"start":{"line":15,"column":46},"end":{"line":15,"column":59}},"type":"binary-expr","locations":[{"start":{"line":15,"column":46},"end":{"line":15,"column":null}},{"start":{"line":15,"column":46},"end":{"line":15,"column":59}}]}},"s":{"0":0,"1":0,"2":0,"3":0,"4":0,"5":0,"6":0,"7":0,"8":0,"9":0,"10":0,"11":0,"12":0,"13":0,"14":0,"15":0,"16":0,"17":0,"18":0,"19":0,"20":0,"21":0,"22":0,"23":0,"24":0,"25":0,"26":0,"27":0,"28":0,"29":0,"30":0,"31":0,"32":0,"33":0,"34":0,"35":0,"36":0,"37":0,"38":0},"f":{"0":0,"1":0,"2":0,"3":0},"b":{"0":[0,0],"1":[0,0],"2":[0,0],"3":[0,0]}}
,"/home/clawdbot/clawd/development/lumentui/lumentui/src/modules/auth/exceptions/auth.exception.ts": {"path":"/home/clawdbot/clawd/development/lumentui/lumentui/src/modules/auth/exceptions/auth.exception.ts","statementMap":{"0":{"start":{"line":3,"column":4},"end":{"line":3,"column":19}},"1":{"start":{"line":4,"column":4},"end":{"line":4,"column":32}},"2":{"start":{"line":1,"column":0},"end":{"line":1,"column":13}}},"fnMap":{"0":{"name":"(anonymous_0)","decl":{"start":{"line":2,"column":2},"end":{"line":2,"column":14}},"loc":{"start":{"line":2,"column":29},"end":{"line":5,"column":3}}}},"branchMap":{},"s":{"0":0,"1":0,"2":0},"f":{"0":0},"b":{}}
,"/home/clawdbot/clawd/development/lumentui/lumentui/src/modules/notification/notification.module.ts": {"path":"/home/clawdbot/clawd/development/lumentui/lumentui/src/modules/notification/notification.module.ts","statementMap":{"0":{"start":{"line":1,"column":0},"end":{"line":1,"column":40}},"1":{"start":{"line":2,"column":0},"end":{"line":2,"column":61}},"2":{"start":{"line":8,"column":7},"end":{"line":8,"column":null}},"3":{"start":{"line":8,"column":13},"end":{"line":8,"column":31}},"4":{"start":{"line":8,"column":13},"end":{"line":8,"column":null}}},"fnMap":{},"branchMap":{},"s":{"0":0,"1":0,"2":0,"3":0,"4":0},"f":{},"b":{}}
,"/home/clawdbot/clawd/development/lumentui/lumentui/src/modules/notification/notification.service.ts": {"path":"/home/clawdbot/clawd/development/lumentui/lumentui/src/modules/notification/notification.service.ts","statementMap":{"0":{"start":{"line":1,"column":0},"end":{"line":1,"column":44}},"1":{"start":{"line":2,"column":0},"end":{"line":2,"column":47}},"2":{"start":{"line":3,"column":0},"end":{"line":3,"column":37}},"3":{"start":{"line":4,"column":0},"end":{"line":4,"column":33}},"4":{"start":{"line":5,"column":0},"end":{"line":5,"column":67}},"5":{"start":{"line":6,"column":0},"end":{"line":6,"column":71}},"6":{"start":{"line":9,"column":18},"end":{"line":9,"column":33}},"7":{"start":{"line":15,"column":27},"end":{"line":15,"column":29}},"8":{"start":{"line":18,"column":7},"end":{"line":264,"column":null}},"9":{"start":{"line":19,"column":60},"end":{"line":19,"column":69}},"10":{"start":{"line":23,"column":21},"end":{"line":23,"column":36}},"11":{"start":{"line":24,"column":21},"end":{"line":24,"column":29}},"12":{"start":{"line":25,"column":21},"end":{"line":25,"column":38}},"13":{"start":{"line":27,"column":4},"end":{"line":28,"column":65}},"14":{"start":{"line":29,"column":4},"end":{"line":34,"column":5}},"15":{"start":{"line":30,"column":6},"end":{"line":33,"column":8}},"16":{"start":{"line":48,"column":24},"end":{"line":48,"column":62}},"17":{"start":{"line":50,"column":4},"end":{"line":56,"column":5}},"18":{"start":{"line":51,"column":6},"end":{"line":54,"column":8}},"19":{"start":{"line":55,"column":6},"end":{"line":55,"column":19}},"20":{"start":{"line":59,"column":4},"end":{"line":65,"column":5}},"21":{"start":{"line":60,"column":6},"end":{"line":63,"column":8}},"22":{"start":{"line":64,"column":6},"end":{"line":64,"column":19}},"23":{"start":{"line":67,"column":4},"end":{"line":105,"column":5}},"24":{"start":{"line":68,"column":22},"end":{"line":68,"column":61}},"25":{"start":{"line":70,"column":6},"end":{"line":73,"column":8}},"26":{"start":{"line":76,"column":22},"end":{"line":76,"column":133}},"27":{"start":{"line":78,"column":6},"end":{"line":81,"column":9}},"28":{"start":{"line":84,"column":6},"end":{"line":84,"column":57}},"29":{"start":{"line":87,"column":6},"end":{"line":87,"column":48}},"30":{"start":{"line":89,"column":6},"end":{"line":92,"column":8}},"31":{"start":{"line":94,"column":6},"end":{"line":94,"column":18}},"32":{"start":{"line":96,"column":6},"end":{"line":99,"column":8}},"33":{"start":{"line":102,"column":6},"end":{"line":102,"column":49}},"34":{"start":{"line":104,"column":6},"end":{"line":104,"column":19}},"35":{"start":{"line":112,"column":28},"end":{"line":112,"column":30}},"36":{"start":{"line":114,"column":4},"end":{"line":114,"column":46}},"37":{"start":{"line":115,"column":4},"end":{"line":115,"column":19}},"38":{"start":{"line":116,"column":4},"end":{"line":116,"column":40}},"39":{"start":{"line":117,"column":4},"end":{"line":117,"column":19}},"40":{"start":{"line":119,"column":4},"end":{"line":121,"column":5}},"41":{"start":{"line":120,"column":6},"end":{"line":120,"column":62}},"42":{"start":{"line":124,"column":30},"end":{"line":124,"column":73}},"43":{"start":{"line":124,"column":61},"end":{"line":124,"column":72}},"44":{"start":{"line":125,"column":4},"end":{"line":138,"column":5}},"45":{"start":{"line":126,"column":6},"end":{"line":126,"column":76}},"46":{"start":{"line":129,"column":6},"end":{"line":137,"column":7}},"47":{"start":{"line":130,"column":8},"end":{"line":136,"column":11}},"48":{"start":{"line":132,"column":12},"end":{"line":134,"column":18}},"49":{"start":{"line":135,"column":10},"end":{"line":135,"column":54}},"50":{"start":{"line":140,"column":4},"end":{"line":140,"column":19}},"51":{"start":{"line":141,"column":4},"end":{"line":141,"column":36}},"52":{"start":{"line":142,"column":4},"end":{"line":142,"column":19}},"53":{"start":{"line":143,"column":4},"end":{"line":143,"column":60}},"54":{"start":{"line":145,"column":4},"end":{"line":145,"column":28}},"55":{"start":{"line":152,"column":4},"end":{"line":156,"column":28}},"56":{"start":{"line":163,"column":29},"end":{"line":163,"column":66}},"57":{"start":{"line":165,"column":4},"end":{"line":167,"column":5}},"58":{"start":{"line":166,"column":6},"end":{"line":166,"column":19}},"59":{"start":{"line":170,"column":6},"end":{"line":170,"column":51}},"60":{"start":{"line":172,"column":4},"end":{"line":172,"column":61}},"61":{"start":{"line":179,"column":4},"end":{"line":198,"column":5}},"62":{"start":{"line":180,"column":17},"end":{"line":180,"column":51}},"63":{"start":{"line":182,"column":6},"end":{"line":187,"column":49}},"64":{"start":{"line":189,"column":6},"end":{"line":192,"column":8}},"65":{"start":{"line":194,"column":6},"end":{"line":197,"column":8}},"66":{"start":{"line":205,"column":4},"end":{"line":224,"column":5}},"67":{"start":{"line":206,"column":17},"end":{"line":206,"column":51}},"68":{"start":{"line":208,"column":6},"end":{"line":217,"column":31}},"69":{"start":{"line":219,"column":6},"end":{"line":222,"column":8}},"70":{"start":{"line":223,"column":6},"end":{"line":223,"column":16}},"71":{"start":{"line":231,"column":4},"end":{"line":231,"column":35}},"72":{"start":{"line":232,"column":4},"end":{"line":232,"column":71}},"73":{"start":{"line":243,"column":29},"end":{"line":243,"column":66}},"74":{"start":{"line":245,"column":4},"end":{"line":251,"column":5}},"75":{"start":{"line":246,"column":6},"end":{"line":250,"column":8}},"76":{"start":{"line":253,"column":25},"end":{"line":253,"column":70}},"77":{"start":{"line":254,"column":22},"end":{"line":254,"column":55}},"78":{"start":{"line":256,"column":4},"end":{"line":262,"column":6}},"79":{"start":{"line":18,"column":13},"end":{"line":18,"column":32}},"80":{"start":{"line":18,"column":13},"end":{"line":264,"column":null}}},"fnMap":{"0":{"name":"(anonymous_2)","decl":{"start":{"line":22,"column":2},"end":{"line":22,"column":null}},"loc":{"start":{"line":25,"column":53},"end":{"line":35,"column":3}}},"1":{"name":"(anonymous_3)","decl":{"start":{"line":44,"column":2},"end":{"line":44,"column":7}},"loc":{"start":{"line":46,"column":24},"end":{"line":106,"column":3}}},"2":{"name":"(anonymous_4)","decl":{"start":{"line":111,"column":10},"end":{"line":111,"column":35}},"loc":{"start":{"line":111,"column":55},"end":{"line":146,"column":3}}},"3":{"name":"(anonymous_5)","decl":{"start":{"line":124,"column":54},"end":{"line":124,"column":55}},"loc":{"start":{"line":124,"column":61},"end":{"line":124,"column":72}}},"4":{"name":"(anonymous_6)","decl":{"start":{"line":130,"column":34},"end":{"line":130,"column":35}},"loc":{"start":{"line":130,"column":46},"end":{"line":136,"column":9}}},"5":{"name":"(anonymous_7)","decl":{"start":{"line":151,"column":10},"end":{"line":151,"column":23}},"loc":{"start":{"line":151,"column":39},"end":{"line":157,"column":3}}},"6":{"name":"(anonymous_8)","decl":{"start":{"line":162,"column":10},"end":{"line":162,"column":23}},"loc":{"start":{"line":162,"column":41},"end":{"line":173,"column":3}}},"7":{"name":"(anonymous_9)","decl":{"start":{"line":178,"column":10},"end":{"line":178,"column":28}},"loc":{"start":{"line":178,"column":61},"end":{"line":199,"column":3}}},"8":{"name":"(anonymous_10)","decl":{"start":{"line":204,"column":2},"end":{"line":204,"column":24}},"loc":{"start":{"line":204,"column":62},"end":{"line":225,"column":3}}},"9":{"name":"(anonymous_11)","decl":{"start":{"line":230,"column":2},"end":{"line":230,"column":21}},"loc":{"start":{"line":230,"column":21},"end":{"line":233,"column":3}}},"10":{"name":"(anonymous_12)","decl":{"start":{"line":238,"column":2},"end":{"line":238,"column":20}},"loc":{"start":{"line":238,"column":38},"end":{"line":263,"column":3}}}},"branchMap":{"0":{"loc":{"start":{"line":28,"column":6},"end":{"line":28,"column":64}},"type":"binary-expr","locations":[{"start":{"line":28,"column":6},"end":{"line":28,"column":58}},{"start":{"line":28,"column":62},"end":{"line":28,"column":64}}]},"1":{"loc":{"start":{"line":29,"column":4},"end":{"line":34,"column":5}},"type":"if","locations":[{"start":{"line":29,"column":4},"end":{"line":34,"column":5}},{"start":{},"end":{}}]},"2":{"loc":{"start":{"line":48,"column":24},"end":{"line":48,"column":62}},"type":"binary-expr","locations":[{"start":{"line":48,"column":24},"end":{"line":48,"column":35}},{"start":{"line":48,"column":39},"end":{"line":48,"column":62}}]},"3":{"loc":{"start":{"line":50,"column":4},"end":{"line":56,"column":5}},"type":"if","locations":[{"start":{"line":50,"column":4},"end":{"line":56,"column":5}},{"start":{},"end":{}}]},"4":{"loc":{"start":{"line":59,"column":4},"end":{"line":65,"column":5}},"type":"if","locations":[{"start":{"line":59,"column":4},"end":{"line":65,"column":5}},{"start":{},"end":{}}]},"5":{"loc":{"start":{"line":119,"column":4},"end":{"line":121,"column":5}},"type":"if","locations":[{"start":{"line":119,"column":4},"end":{"line":121,"column":5}},{"start":{},"end":{}}]},"6":{"loc":{"start":{"line":125,"column":4},"end":{"line":138,"column":5}},"type":"if","locations":[{"start":{"line":125,"column":4},"end":{"line":138,"column":5}},{"start":{},"end":{}}]},"7":{"loc":{"start":{"line":129,"column":6},"end":{"line":137,"column":7}},"type":"if","locations":[{"start":{"line":129,"column":6},"end":{"line":137,"column":7}},{"start":{},"end":{}}]},"8":{"loc":{"start":{"line":132,"column":12},"end":{"line":134,"column":18}},"type":"cond-expr","locations":[{"start":{"line":133,"column":16},"end":{"line":133,"column":58}},{"start":{"line":134,"column":16},"end":{"line":134,"column":18}}]},"9":{"loc":{"start":{"line":165,"column":4},"end":{"line":167,"column":5}},"type":"if","locations":[{"start":{"line":165,"column":4},"end":{"line":167,"column":5}},{"start":{},"end":{}}]},"10":{"loc":{"start":{"line":187,"column":35},"end":{"line":187,"column":47}},"type":"cond-expr","locations":[{"start":{"line":187,"column":42},"end":{"line":187,"column":43}},{"start":{"line":187,"column":46},"end":{"line":187,"column":47}}]},"11":{"loc":{"start":{"line":204,"column":44},"end":{"line":204,"column":62}},"type":"default-arg","locations":[{"start":{"line":204,"column":60},"end":{"line":204,"column":62}}]},"12":{"loc":{"start":{"line":245,"column":4},"end":{"line":251,"column":5}},"type":"if","locations":[{"start":{"line":245,"column":4},"end":{"line":251,"column":5}},{"start":{},"end":{}}]},"13":{"loc":{"start":{"line":259,"column":28},"end":{"line":261,"column":14}},"type":"cond-expr","locations":[{"start":{"line":260,"column":10},"end":{"line":260,"column":54}},{"start":{"line":261,"column":10},"end":{"line":261,"column":14}}]},"14":{"loc":{"start":{"line":23,"column":36},"end":{"line":23,"column":null}},"type":"cond-expr","locations":[{"start":{"line":23,"column":49},"end":{"line":23,"column":null}},{"start":{"line":23,"column":49},"end":{"line":23,"column":null}}]},"15":{"loc":{"start":{"line":23,"column":36},"end":{"line":23,"column":49}},"type":"binary-expr","locations":[{"start":{"line":23,"column":36},"end":{"line":23,"column":null}},{"start":{"line":23,"column":36},"end":{"line":23,"column":49}}]},"16":{"loc":{"start":{"line":23,"column":49},"end":{"line":24,"column":null}},"type":"cond-expr","locations":[{"start":{"line":24,"column":42},"end":{"line":24,"column":null}},{"start":{"line":24,"column":42},"end":{"line":24,"column":null}}]},"17":{"loc":{"start":{"line":23,"column":49},"end":{"line":24,"column":42}},"type":"binary-expr","locations":[{"start":{"line":23,"column":49},"end":{"line":24,"column":null}},{"start":{"line":24,"column":29},"end":{"line":24,"column":42}}]},"18":{"loc":{"start":{"line":24,"column":42},"end":{"line":25,"column":null}},"type":"cond-expr","locations":[{"start":{"line":25,"column":53},"end":{"line":25,"column":null}},{"start":{"line":25,"column":53},"end":{"line":25,"column":null}}]},"19":{"loc":{"start":{"line":24,"column":42},"end":{"line":25,"column":53}},"type":"binary-expr","locations":[{"start":{"line":24,"column":42},"end":{"line":25,"column":null}},{"start":{"line":25,"column":38},"end":{"line":25,"column":53}}]}},"s":{"0":1,"1":1,"2":1,"3":1,"4":1,"5":1,"6":1,"7":1,"8":1,"9":25,"10":25,"11":25,"12":25,"13":25,"14":25,"15":2,"16":21,"17":21,"18":1,"19":1,"20":20,"21":1,"22":1,"23":19,"24":19,"25":19,"26":19,"27":19,"28":17,"29":17,"30":17,"31":17,"32":2,"33":2,"34":2,"35":19,"36":19,"37":19,"38":19,"39":19,"40":19,"41":18,"42":19,"43":41,"44":19,"45":18,"46":18,"47":17,"48":34,"49":34,"50":19,"51":19,"52":19,"53":19,"54":19,"55":19,"56":20,"57":20,"58":19,"59":1,"60":1,"61":19,"62":19,"63":19,"64":18,"65":1,"66":3,"67":3,"68":3,"69":1,"70":1,"71":24,"72":24,"73":2,"74":2,"75":1,"76":1,"77":1,"78":1,"79":1,"80":1},"f":{"0":25,"1":21,"2":19,"3":41,"4":34,"5":19,"6":20,"7":19,"8":3,"9":24,"10":2},"b":{"0":[25,2],"1":[2,23],"2":[21,2],"3":[1,20],"4":[1,19],"5":[18,1],"6":[18,1],"7":[17,1],"8":[34,0],"9":[19,1],"10":[16,2],"11":[2],"12":[1,1],"13":[1,0],"14":[1,0],"15":[1,1],"16":[1,0],"17":[1,1],"18":[1,0],"19":[1,1]}}
,"/home/clawdbot/clawd/development/lumentui/lumentui/src/modules/scheduler/scheduler.module.ts": {"path":"/home/clawdbot/clawd/development/lumentui/lumentui/src/modules/scheduler/scheduler.module.ts","statementMap":{"0":{"start":{"line":1,"column":0},"end":{"line":1,"column":40}},"1":{"start":{"line":2,"column":0},"end":{"line":2,"column":50}},"2":{"start":{"line":3,"column":0},"end":{"line":3,"column":55}},"3":{"start":{"line":4,"column":0},"end":{"line":4,"column":46}},"4":{"start":{"line":5,"column":0},"end":{"line":5,"column":58}},"5":{"start":{"line":16,"column":7},"end":{"line":16,"column":null}},"6":{"start":{"line":16,"column":13},"end":{"line":16,"column":28}},"7":{"start":{"line":16,"column":13},"end":{"line":16,"column":null}}},"fnMap":{},"branchMap":{},"s":{"0":0,"1":0,"2":0,"3":0,"4":0,"5":0,"6":0,"7":0},"f":{},"b":{}}
,"/home/clawdbot/clawd/development/lumentui/lumentui/src/modules/scheduler/scheduler.service.ts": {"path":"/home/clawdbot/clawd/development/lumentui/lumentui/src/modules/scheduler/scheduler.service.ts","statementMap":{"0":{"start":{"line":1,"column":0},"end":{"line":1,"column":58}},"1":{"start":{"line":2,"column":0},"end":{"line":2,"column":47}},"2":{"start":{"line":3,"column":0},"end":{"line":3,"column":56}},"3":{"start":{"line":4,"column":0},"end":{"line":4,"column":67}},"4":{"start":{"line":5,"column":0},"end":{"line":5,"column":64}},"5":{"start":{"line":6,"column":0},"end":{"line":6,"column":71}},"6":{"start":{"line":7,"column":0},"end":{"line":7,"column":65}},"7":{"start":{"line":11,"column":7},"end":{"line":217,"column":null}},"8":{"start":{"line":12,"column":33},"end":{"line":12,"column":61}},"9":{"start":{"line":13,"column":22},"end":{"line":13,"column":27}},"10":{"start":{"line":16,"column":21},"end":{"line":16,"column":37}},"11":{"start":{"line":17,"column":21},"end":{"line":17,"column":38}},"12":{"start":{"line":18,"column":21},"end":{"line":18,"column":36}},"13":{"start":{"line":19,"column":21},"end":{"line":19,"column":29}},"14":{"start":{"line":23,"column":4},"end":{"line":23,"column":72}},"15":{"start":{"line":24,"column":4},"end":{"line":24,"column":22}},"16":{"start":{"line":32,"column":4},"end":{"line":32,"column":70}},"17":{"start":{"line":35,"column":6},"end":{"line":35,"column":71}},"18":{"start":{"line":37,"column":4},"end":{"line":40,"column":6}},"19":{"start":{"line":43,"column":21},"end":{"line":43,"column":67}},"20":{"start":{"line":44,"column":4},"end":{"line":47,"column":6}},"21":{"start":{"line":58,"column":4},"end":{"line":58,"column":68}},"22":{"start":{"line":59,"column":4},"end":{"line":59,"column":28}},"23":{"start":{"line":74,"column":4},"end":{"line":86,"column":5}},"24":{"start":{"line":75,"column":6},"end":{"line":78,"column":8}},"25":{"start":{"line":79,"column":6},"end":{"line":85,"column":8}},"26":{"start":{"line":88,"column":4},"end":{"line":88,"column":26}},"27":{"start":{"line":89,"column":22},"end":{"line":89,"column":32}},"28":{"start":{"line":91,"column":4},"end":{"line":189,"column":5}},"29":{"start":{"line":92,"column":6},"end":{"line":97,"column":8}},"30":{"start":{"line":100,"column":30},"end":{"line":100,"column":69}},"31":{"start":{"line":102,"column":6},"end":{"line":107,"column":7}},"32":{"start":{"line":103,"column":8},"end":{"line":106,"column":10}},"33":{"start":{"line":110,"column":33},"end":{"line":112,"column":null}},"34":{"start":{"line":116,"column":41},"end":{"line":116,"column":59}},"35":{"start":{"line":117,"column":6},"end":{"line":122,"column":7}},"36":{"start":{"line":118,"column":8},"end":{"line":118,"column":78}},"37":{"start":{"line":118,"column":58},"end":{"line":118,"column":76}},"38":{"start":{"line":119,"column":8},"end":{"line":121,"column":9}},"39":{"start":{"line":120,"column":10},"end":{"line":120,"column":68}},"40":{"start":{"line":125,"column":33},"end":{"line":126,"column":null}},"41":{"start":{"line":126,"column":54},"end":{"line":126,"column":58}},"42":{"start":{"line":130,"column":25},"end":{"line":130,"column":74}},"43":{"start":{"line":133,"column":26},"end":{"line":135,"column":14}},"44":{"start":{"line":134,"column":15},"end":{"line":134,"column":44}},"45":{"start":{"line":137,"column":25},"end":{"line":137,"column":47}},"46":{"start":{"line":140,"column":26},"end":{"line":145,"column":8}},"47":{"start":{"line":147,"column":6},"end":{"line":147,"column":51}},"48":{"start":{"line":149,"column":6},"end":{"line":152,"column":8}},"49":{"start":{"line":154,"column":6},"end":{"line":159,"column":8}},"50":{"start":{"line":161,"column":25},"end":{"line":161,"column":47}},"51":{"start":{"line":163,"column":8},"end":{"line":163,"column":64}},"52":{"start":{"line":165,"column":6},"end":{"line":169,"column":8}},"53":{"start":{"line":172,"column":6},"end":{"line":178,"column":9}},"54":{"start":{"line":180,"column":6},"end":{"line":186,"column":8}},"55":{"start":{"line":188,"column":6},"end":{"line":188,"column":29}},"56":{"start":{"line":203,"column":18},"end":{"line":203,"column":50}},"57":{"start":{"line":204,"column":21},"end":{"line":204,"column":29}},"58":{"start":{"line":206,"column":4},"end":{"line":215,"column":6}},"59":{"start":{"line":11,"column":13},"end":{"line":11,"column":29}},"60":{"start":{"line":57,"column":8},"end":{"line":60,"column":null}},"61":{"start":{"line":11,"column":13},"end":{"line":217,"column":null}}},"fnMap":{"0":{"name":"(anonymous_2)","decl":{"start":{"line":15,"column":2},"end":{"line":15,"column":null}},"loc":{"start":{"line":19,"column":42},"end":{"line":20,"column":6}}},"1":{"name":"(anonymous_3)","decl":{"start":{"line":22,"column":2},"end":{"line":22,"column":14}},"loc":{"start":{"line":22,"column":14},"end":{"line":25,"column":3}}},"2":{"name":"(anonymous_4)","decl":{"start":{"line":31,"column":2},"end":{"line":31,"column":12}},"loc":{"start":{"line":31,"column":12},"end":{"line":48,"column":3}}},"3":{"name":"(anonymous_5)","decl":{"start":{"line":57,"column":8},"end":{"line":57,"column":27}},"loc":{"start":{"line":57,"column":27},"end":{"line":60,"column":3}}},"4":{"name":"(anonymous_6)","decl":{"start":{"line":66,"column":2},"end":{"line":66,"column":7}},"loc":{"start":{"line":66,"column":37},"end":{"line":190,"column":3}}},"5":{"name":"(anonymous_7)","decl":{"start":{"line":118,"column":51},"end":{"line":118,"column":52}},"loc":{"start":{"line":118,"column":58},"end":{"line":118,"column":76}}},"6":{"name":"(anonymous_8)","decl":{"start":{"line":126,"column":47},"end":{"line":126,"column":48}},"loc":{"start":{"line":126,"column":54},"end":{"line":126,"column":58}}},"7":{"name":"(anonymous_9)","decl":{"start":{"line":134,"column":8},"end":{"line":134,"column":9}},"loc":{"start":{"line":134,"column":15},"end":{"line":134,"column":44}}},"8":{"name":"(anonymous_10)","decl":{"start":{"line":195,"column":2},"end":{"line":195,"column":11}},"loc":{"start":{"line":195,"column":11},"end":{"line":216,"column":3}}}},"branchMap":{"0":{"loc":{"start":{"line":35,"column":6},"end":{"line":35,"column":71}},"type":"binary-expr","locations":[{"start":{"line":35,"column":6},"end":{"line":35,"column":53}},{"start":{"line":35,"column":57},"end":{"line":35,"column":71}}]},"1":{"loc":{"start":{"line":45,"column":27},"end":{"line":45,"column":66}},"type":"cond-expr","locations":[{"start":{"line":45,"column":49},"end":{"line":45,"column":59}},{"start":{"line":45,"column":62},"end":{"line":45,"column":66}}]},"2":{"loc":{"start":{"line":74,"column":4},"end":{"line":86,"column":5}},"type":"if","locations":[{"start":{"line":74,"column":4},"end":{"line":86,"column":5}},{"start":{},"end":{}}]},"3":{"loc":{"start":{"line":93,"column":8},"end":{"line":95,"column":32}},"type":"cond-expr","locations":[{"start":{"line":94,"column":12},"end":{"line":94,"column":53}},{"start":{"line":95,"column":12},"end":{"line":95,"column":32}}]},"4":{"loc":{"start":{"line":102,"column":6},"end":{"line":107,"column":7}},"type":"if","locations":[{"start":{"line":102,"column":6},"end":{"line":107,"column":7}},{"start":{},"end":{}}]},"5":{"loc":{"start":{"line":117,"column":6},"end":{"line":122,"column":7}},"type":"if","locations":[{"start":{"line":117,"column":6},"end":{"line":122,"column":7}},{"start":{},"end":{}}]},"6":{"loc":{"start":{"line":119,"column":8},"end":{"line":121,"column":9}},"type":"if","locations":[{"start":{"line":119,"column":8},"end":{"line":121,"column":9}},{"start":{},"end":{}}]},"7":{"loc":{"start":{"line":163,"column":8},"end":{"line":163,"column":64}},"type":"cond-expr","locations":[{"start":{"line":163,"column":33},"end":{"line":163,"column":46}},{"start":{"line":163,"column":49},"end":{"line":163,"column":64}}]},"8":{"loc":{"start":{"line":167,"column":8},"end":{"line":167,"column":56}},"type":"cond-expr","locations":[{"start":{"line":167,"column":33},"end":{"line":167,"column":44}},{"start":{"line":167,"column":47},"end":{"line":167,"column":56}}]},"9":{"loc":{"start":{"line":208,"column":16},"end":{"line":214,"column":19}},"type":"cond-expr","locations":[{"start":{"line":209,"column":10},"end":{"line":213,"column":null}},{"start":{"line":214,"column":10},"end":{"line":214,"column":19}}]},"10":{"loc":{"start":{"line":57,"column":31},"end":{"line":57,"column":null}},"type":"cond-expr","locations":[{"start":{"line":57,"column":38},"end":{"line":57,"column":null}},{"start":{"line":57,"column":38},"end":{"line":57,"column":null}}]},"11":{"loc":{"start":{"line":57,"column":31},"end":{"line":57,"column":38}},"type":"binary-expr","locations":[{"start":{"line":57,"column":31},"end":{"line":57,"column":null}},{"start":{"line":57,"column":31},"end":{"line":57,"column":38}}]},"12":{"loc":{"start":{"line":16,"column":37},"end":{"line":16,"column":null}},"type":"cond-expr","locations":[{"start":{"line":16,"column":51},"end":{"line":16,"column":null}},{"start":{"line":16,"column":51},"end":{"line":16,"column":null}}]},"13":{"loc":{"start":{"line":16,"column":37},"end":{"line":16,"column":51}},"type":"binary-expr","locations":[{"start":{"line":16,"column":37},"end":{"line":16,"column":null}},{"start":{"line":16,"column":37},"end":{"line":16,"column":51}}]},"14":{"loc":{"start":{"line":16,"column":51},"end":{"line":17,"column":null}},"type":"cond-expr","locations":[{"start":{"line":17,"column":53},"end":{"line":17,"column":null}},{"start":{"line":17,"column":53},"end":{"line":17,"column":null}}]},"15":{"loc":{"start":{"line":16,"column":51},"end":{"line":17,"column":53}},"type":"binary-expr","locations":[{"start":{"line":16,"column":51},"end":{"line":17,"column":null}},{"start":{"line":17,"column":38},"end":{"line":17,"column":53}}]},"16":{"loc":{"start":{"line":17,"column":53},"end":{"line":18,"column":null}},"type":"cond-expr","locations":[{"start":{"line":18,"column":49},"end":{"line":18,"column":null}},{"start":{"line":18,"column":49},"end":{"line":18,"column":null}}]},"17":{"loc":{"start":{"line":17,"column":53},"end":{"line":18,"column":49}},"type":"binary-expr","locations":[{"start":{"line":17,"column":53},"end":{"line":18,"column":null}},{"start":{"line":18,"column":36},"end":{"line":18,"column":49}}]},"18":{"loc":{"start":{"line":18,"column":49},"end":{"line":19,"column":null}},"type":"cond-expr","locations":[{"start":{"line":19,"column":42},"end":{"line":19,"column":null}},{"start":{"line":19,"column":42},"end":{"line":19,"column":null}}]},"19":{"loc":{"start":{"line":18,"column":49},"end":{"line":19,"column":42}},"type":"binary-expr","locations":[{"start":{"line":18,"column":49},"end":{"line":19,"column":null}},{"start":{"line":19,"column":29},"end":{"line":19,"column":42}}]}},"s":{"0":0,"1":0,"2":0,"3":0,"4":0,"5":0,"6":0,"7":0,"8":0,"9":0,"10":0,"11":0,"12":0,"13":0,"14":0,"15":0,"16":0,"17":0,"18":0,"19":0,"20":0,"21":0,"22":0,"23":0,"24":0,"25":0,"26":0,"27":0,"28":0,"29":0,"30":0,"31":0,"32":0,"33":0,"34":0,"35":0,"36":0,"37":0,"38":0,"39":0,"40":0,"41":0,"42":0,"43":0,"44":0,"45":0,"46":0,"47":0,"48":0,"49":0,"50":0,"51":0,"52":0,"53":0,"54":0,"55":0,"56":0,"57":0,"58":0,"59":0,"60":0,"61":0},"f":{"0":0,"1":0,"2":0,"3":0,"4":0,"5":0,"6":0,"7":0,"8":0},"b":{"0":[0,0],"1":[0,0],"2":[0,0],"3":[0,0],"4":[0,0],"5":[0,0],"6":[0,0],"7":[0,0],"8":[0,0],"9":[0,0],"10":[0,0],"11":[0,0],"12":[0,0],"13":[0,0],"14":[0,0],"15":[0,0],"16":[0,0],"17":[0,0],"18":[0,0],"19":[0,0]}}
,"/home/clawdbot/clawd/development/lumentui/lumentui/src/modules/storage/storage.module.ts": {"path":"/home/clawdbot/clawd/development/lumentui/lumentui/src/modules/storage/storage.module.ts","statementMap":{"0":{"start":{"line":1,"column":0},"end":{"line":1,"column":48}},"1":{"start":{"line":2,"column":0},"end":{"line":2,"column":62}},"2":{"start":{"line":9,"column":7},"end":{"line":9,"column":null}},"3":{"start":{"line":9,"column":13},"end":{"line":9,"column":26}},"4":{"start":{"line":9,"column":13},"end":{"line":9,"column":null}}},"fnMap":{},"branchMap":{},"s":{"0":0,"1":0,"2":0,"3":0,"4":0},"f":{},"b":{}}
,"/home/clawdbot/clawd/development/lumentui/lumentui/src/modules/storage/database/database.service.ts": {"path":"/home/clawdbot/clawd/development/lumentui/lumentui/src/modules/storage/database/database.service.ts","statementMap":{"0":{"start":{"line":1,"column":0},"end":{"line":1,"column":75}},"1":{"start":{"line":2,"column":0},"end":{"line":2,"column":47}},"2":{"start":{"line":3,"column":0},"end":{"line":3,"column":70}},"3":{"start":{"line":4,"column":0},"end":{"line":4,"column":38}},"4":{"start":{"line":9,"column":7},"end":{"line":255,"column":null}},"5":{"start":{"line":14,"column":21},"end":{"line":14,"column":36}},"6":{"start":{"line":15,"column":21},"end":{"line":15,"column":29}},"7":{"start":{"line":17,"column":4},"end":{"line":18,"column":70}},"8":{"start":{"line":22,"column":4},"end":{"line":22,"column":75}},"9":{"start":{"line":25,"column":4},"end":{"line":31,"column":7}},"10":{"start":{"line":27,"column":8},"end":{"line":29,"column":9}},"11":{"start":{"line":28,"column":10},"end":{"line":28,"column":45}},"12":{"start":{"line":34,"column":4},"end":{"line":34,"column":40}},"13":{"start":{"line":37,"column":4},"end":{"line":37,"column":25}},"14":{"start":{"line":39,"column":4},"end":{"line":39,"column":76}},"15":{"start":{"line":43,"column":4},"end":{"line":43,"column":70}},"16":{"start":{"line":44,"column":4},"end":{"line":44,"column":20}},"17":{"start":{"line":48,"column":4},"end":{"line":48,"column":70}},"18":{"start":{"line":51,"column":4},"end":{"line":65,"column":7}},"19":{"start":{"line":68,"column":4},"end":{"line":78,"column":7}},"20":{"start":{"line":81,"column":4},"end":{"line":89,"column":7}},"21":{"start":{"line":92,"column":4},"end":{"line":97,"column":7}},"22":{"start":{"line":99,"column":4},"end":{"line":99,"column":63}},"23":{"start":{"line":103,"column":4},"end":{"line":103,"column":19}},"24":{"start":{"line":111,"column":16},"end":{"line":111,"column":26}},"25":{"start":{"line":112,"column":21},"end":{"line":112,"column":22}},"26":{"start":{"line":114,"column":23},"end":{"line":127,"column":6}},"27":{"start":{"line":129,"column":24},"end":{"line":146,"column":6}},"28":{"start":{"line":130,"column":6},"end":{"line":145,"column":7}},"29":{"start":{"line":131,"column":8},"end":{"line":143,"column":10}},"30":{"start":{"line":144,"column":8},"end":{"line":144,"column":21}},"31":{"start":{"line":148,"column":4},"end":{"line":148,"column":26}},"32":{"start":{"line":150,"column":4},"end":{"line":153,"column":6}},"33":{"start":{"line":154,"column":4},"end":{"line":154,"column":22}},"34":{"start":{"line":165,"column":16},"end":{"line":165,"column":40}},"35":{"start":{"line":166,"column":26},"end":{"line":166,"column":28}},"36":{"start":{"line":168,"column":4},"end":{"line":171,"column":5}},"37":{"start":{"line":169,"column":6},"end":{"line":169,"column":38}},"38":{"start":{"line":170,"column":6},"end":{"line":170,"column":45}},"39":{"start":{"line":173,"column":4},"end":{"line":173,"column":44}},"40":{"start":{"line":175,"column":4},"end":{"line":178,"column":5}},"41":{"start":{"line":176,"column":6},"end":{"line":176,"column":26}},"42":{"start":{"line":177,"column":6},"end":{"line":177,"column":33}},"43":{"start":{"line":180,"column":4},"end":{"line":183,"column":5}},"44":{"start":{"line":181,"column":6},"end":{"line":181,"column":27}},"45":{"start":{"line":182,"column":6},"end":{"line":182,"column":34}},"46":{"start":{"line":185,"column":4},"end":{"line":185,"column":68}},"47":{"start":{"line":192,"column":19},"end":{"line":194,"column":43}},"48":{"start":{"line":196,"column":4},"end":{"line":196,"column":26}},"49":{"start":{"line":209,"column":19},"end":{"line":224,"column":null}},"50":{"start":{"line":227,"column":4},"end":{"line":230,"column":6}},"51":{"start":{"line":231,"column":4},"end":{"line":231,"column":44}},"52":{"start":{"line":238,"column":4},"end":{"line":240,"column":34}},"53":{"start":{"line":247,"column":22},"end":{"line":247,"column":57}},"54":{"start":{"line":249,"column":4},"end":{"line":253,"column":41}},"55":{"start":{"line":9,"column":13},"end":{"line":9,"column":28}},"56":{"start":{"line":9,"column":13},"end":{"line":255,"column":null}}},"fnMap":{"0":{"name":"(anonymous_3)","decl":{"start":{"line":13,"column":2},"end":{"line":13,"column":null}},"loc":{"start":{"line":15,"column":42},"end":{"line":19,"column":3}}},"1":{"name":"(anonymous_4)","decl":{"start":{"line":21,"column":2},"end":{"line":21,"column":14}},"loc":{"start":{"line":21,"column":14},"end":{"line":40,"column":3}}},"2":{"name":"(anonymous_5)","decl":{"start":{"line":26,"column":15},"end":{"line":26,"column":16}},"loc":{"start":{"line":26,"column":27},"end":{"line":30,"column":7}}},"3":{"name":"(anonymous_6)","decl":{"start":{"line":42,"column":2},"end":{"line":42,"column":17}},"loc":{"start":{"line":42,"column":17},"end":{"line":45,"column":3}}},"4":{"name":"(anonymous_7)","decl":{"start":{"line":47,"column":10},"end":{"line":47,"column":23}},"loc":{"start":{"line":47,"column":23},"end":{"line":100,"column":3}}},"5":{"name":"(anonymous_8)","decl":{"start":{"line":102,"column":2},"end":{"line":102,"column":13}},"loc":{"start":{"line":102,"column":13},"end":{"line":104,"column":3}}},"6":{"name":"(anonymous_9)","decl":{"start":{"line":110,"column":2},"end":{"line":110,"column":14}},"loc":{"start":{"line":110,"column":37},"end":{"line":155,"column":3}}},"7":{"name":"(anonymous_10)","decl":{"start":{"line":129,"column":44},"end":{"line":129,"column":45}},"loc":{"start":{"line":129,"column":71},"end":{"line":146,"column":5}}},"8":{"name":"(anonymous_11)","decl":{"start":{"line":160,"column":2},"end":{"line":160,"column":13}},"loc":{"start":{"line":164,"column":3},"end":{"line":186,"column":3}}},"9":{"name":"(anonymous_12)","decl":{"start":{"line":191,"column":2},"end":{"line":191,"column":12}},"loc":{"start":{"line":191,"column":23},"end":{"line":197,"column":3}}},"10":{"name":"(anonymous_13)","decl":{"start":{"line":202,"column":2},"end":{"line":202,"column":12}},"loc":{"start":{"line":208,"column":3},"end":{"line":232,"column":3}}},"11":{"name":"(anonymous_14)","decl":{"start":{"line":237,"column":2},"end":{"line":237,"column":10}},"loc":{"start":{"line":237,"column":30},"end":{"line":241,"column":3}}},"12":{"name":"(anonymous_15)","decl":{"start":{"line":246,"column":2},"end":{"line":246,"column":16}},"loc":{"start":{"line":246,"column":40},"end":{"line":254,"column":3}}}},"branchMap":{"0":{"loc":{"start":{"line":18,"column":6},"end":{"line":18,"column":69}},"type":"binary-expr","locations":[{"start":{"line":18,"column":6},"end":{"line":18,"column":47}},{"start":{"line":18,"column":51},"end":{"line":18,"column":69}}]},"1":{"loc":{"start":{"line":27,"column":8},"end":{"line":29,"column":9}},"type":"if","locations":[{"start":{"line":27,"column":8},"end":{"line":29,"column":9}},{"start":{},"end":{}}]},"2":{"loc":{"start":{"line":136,"column":10},"end":{"line":136,"column":35}},"type":"cond-expr","locations":[{"start":{"line":136,"column":30},"end":{"line":136,"column":31}},{"start":{"line":136,"column":34},"end":{"line":136,"column":35}}]},"3":{"loc":{"start":{"line":168,"column":4},"end":{"line":171,"column":5}},"type":"if","locations":[{"start":{"line":168,"column":4},"end":{"line":171,"column":5}},{"start":{},"end":{}}]},"4":{"loc":{"start":{"line":170,"column":18},"end":{"line":170,"column":43}},"type":"cond-expr","locations":[{"start":{"line":170,"column":38},"end":{"line":170,"column":39}},{"start":{"line":170,"column":42},"end":{"line":170,"column":43}}]},"5":{"loc":{"start":{"line":175,"column":4},"end":{"line":178,"column":5}},"type":"if","locations":[{"start":{"line":175,"column":4},"end":{"line":178,"column":5}},{"start":{},"end":{}}]},"6":{"loc":{"start":{"line":180,"column":4},"end":{"line":183,"column":5}},"type":"if","locations":[{"start":{"line":180,"column":4},"end":{"line":183,"column":5}},{"start":{},"end":{}}]},"7":{"loc":{"start":{"line":196,"column":11},"end":{"line":196,"column":25}},"type":"binary-expr","locations":[{"start":{"line":196,"column":11},"end":{"line":196,"column":17}},{"start":{"line":196,"column":21},"end":{"line":196,"column":25}}]},"8":{"loc":{"start":{"line":223,"column":8},"end":{"line":223,"column":31}},"type":"cond-expr","locations":[{"start":{"line":223,"column":26},"end":{"line":223,"column":27}},{"start":{"line":223,"column":30},"end":{"line":223,"column":31}}]},"9":{"loc":{"start":{"line":224,"column":8},"end":{"line":224,"column":29}},"type":"binary-expr","locations":[{"start":{"line":224,"column":8},"end":{"line":224,"column":21}},{"start":{"line":224,"column":25},"end":{"line":224,"column":29}}]},"10":{"loc":{"start":{"line":237,"column":11},"end":{"line":237,"column":30}},"type":"default-arg","locations":[{"start":{"line":237,"column":27},"end":{"line":237,"column":30}}]},"11":{"loc":{"start":{"line":246,"column":17},"end":{"line":246,"column":40}},"type":"default-arg","locations":[{"start":{"line":246,"column":38},"end":{"line":246,"column":40}}]},"12":{"loc":{"start":{"line":14,"column":36},"end":{"line":14,"column":null}},"type":"cond-expr","locations":[{"start":{"line":14,"column":49},"end":{"line":14,"column":null}},{"start":{"line":14,"column":49},"end":{"line":14,"column":null}}]},"13":{"loc":{"start":{"line":14,"column":36},"end":{"line":14,"column":49}},"type":"binary-expr","locations":[{"start":{"line":14,"column":36},"end":{"line":14,"column":null}},{"start":{"line":14,"column":36},"end":{"line":14,"column":49}}]},"14":{"loc":{"start":{"line":14,"column":49},"end":{"line":15,"column":null}},"type":"cond-expr","locations":[{"start":{"line":15,"column":42},"end":{"line":15,"column":null}},{"start":{"line":15,"column":42},"end":{"line":15,"column":null}}]},"15":{"loc":{"start":{"line":14,"column":49},"end":{"line":15,"column":42}},"type":"binary-expr","locations":[{"start":{"line":14,"column":49},"end":{"line":15,"column":null}},{"start":{"line":15,"column":29},"end":{"line":15,"column":42}}]}},"s":{"0":1,"1":1,"2":1,"3":1,"4":1,"5":0,"6":0,"7":0,"8":0,"9":0,"10":0,"11":0,"12":0,"13":0,"14":0,"15":0,"16":0,"17":0,"18":0,"19":0,"20":0,"21":0,"22":0,"23":0,"24":0,"25":0,"26":0,"27":0,"28":0,"29":0,"30":0,"31":0,"32":0,"33":0,"34":0,"35":0,"36":0,"37":0,"38":0,"39":0,"40":0,"41":0,"42":0,"43":0,"44":0,"45":0,"46":0,"47":0,"48":0,"49":0,"50":0,"51":0,"52":0,"53":0,"54":0,"55":1,"56":1},"f":{"0":0,"1":0,"2":0,"3":0,"4":0,"5":0,"6":0,"7":0,"8":0,"9":0,"10":0,"11":0,"12":0},"b":{"0":[0,0],"1":[0,0],"2":[0,0],"3":[0,0],"4":[0,0],"5":[0,0],"6":[0,0],"7":[0,0],"8":[0,0],"9":[0,0],"10":[0],"11":[0],"12":[1,0],"13":[1,1],"14":[1,0],"15":[1,1]}}
,"/home/clawdbot/clawd/development/lumentui/lumentui/src/modules/storage/utils/storage-normalizer.util.ts": {"path":"/home/clawdbot/clawd/development/lumentui/lumentui/src/modules/storage/utils/storage-normalizer.util.ts","statementMap":{"0":{"start":{"line":9,"column":4},"end":{"line":21,"column":6}},"1":{"start":{"line":28,"column":4},"end":{"line":28,"column":51}},"2":{"start":{"line":28,"column":31},"end":{"line":28,"column":49}},"3":{"start":{"line":4,"column":0},"end":{"line":4,"column":13}}},"fnMap":{"0":{"name":"(anonymous_0)","decl":{"start":{"line":8,"column":2},"end":{"line":8,"column":8}},"loc":{"start":{"line":8,"column":41},"end":{"line":22,"column":3}}},"1":{"name":"(anonymous_1)","decl":{"start":{"line":27,"column":2},"end":{"line":27,"column":8}},"loc":{"start":{"line":27,"column":47},"end":{"line":29,"column":3}}},"2":{"name":"(anonymous_2)","decl":{"start":{"line":28,"column":24},"end":{"line":28,"column":25}},"loc":{"start":{"line":28,"column":31},"end":{"line":28,"column":49}}}},"branchMap":{},"s":{"0":0,"1":0,"2":0,"3":0},"f":{"0":0,"1":0,"2":0},"b":{}}
}
